Determining if the pthread_create exist failed with the following output:
Change Dir: /home/zhongchen/LIRS2/build/CMakeFiles/CMakeTmp

Run Build Command:"/usr/bin/make" "cmTC_0ff63/fast"
/usr/bin/make -f CMakeFiles/cmTC_0ff63.dir/build.make CMakeFiles/cmTC_0ff63.dir/build
make[1]: Entering directory '/home/zhongchen/LIRS2/build/CMakeFiles/CMakeTmp'
Building C object CMakeFiles/cmTC_0ff63.dir/CheckSymbolExists.c.o
/usr/bin/cc    -o CMakeFiles/cmTC_0ff63.dir/CheckSymbolExists.c.o   -c /home/zhongchen/LIRS2/build/CMakeFiles/CMakeTmp/CheckSymbolExists.c
Linking C executable cmTC_0ff63
/usr/bin/cmake -E cmake_link_script CMakeFiles/cmTC_0ff63.dir/link.txt --verbose=1
/usr/bin/cc      CMakeFiles/cmTC_0ff63.dir/CheckSymbolExists.c.o  -o cmTC_0ff63 
CMakeFiles/cmTC_0ff63.dir/CheckSymbolExists.c.o: In function `main':
CheckSymbolExists.c:(.text+0x1b): undefined reference to `pthread_create'
collect2: error: ld returned 1 exit status
CMakeFiles/cmTC_0ff63.dir/build.make:97: recipe for target 'cmTC_0ff63' failed
make[1]: *** [cmTC_0ff63] Error 1
make[1]: Leaving directory '/home/zhongchen/LIRS2/build/CMakeFiles/CMakeTmp'
Makefile:126: recipe for target 'cmTC_0ff63/fast' failed
make: *** [cmTC_0ff63/fast] Error 2

File /home/zhongchen/LIRS2/build/CMakeFiles/CMakeTmp/CheckSymbolExists.c:
/* */
#include <pthread.h>

int main(int argc, char** argv)
{
  (void)argv;
#ifndef pthread_create
  return ((int*)(&pthread_create))[argc];
#else
  (void)argc;
  return 0;
#endif
}

Determining if the function pthread_create exists in the pthreads failed with the following output:
Change Dir: /home/zhongchen/LIRS2/build/CMakeFiles/CMakeTmp

Run Build Command:"/usr/bin/make" "cmTC_09967/fast"
/usr/bin/make -f CMakeFiles/cmTC_09967.dir/build.make CMakeFiles/cmTC_09967.dir/build
make[1]: Entering directory '/home/zhongchen/LIRS2/build/CMakeFiles/CMakeTmp'
Building C object CMakeFiles/cmTC_09967.dir/CheckFunctionExists.c.o
/usr/bin/cc   -DCHECK_FUNCTION_EXISTS=pthread_create   -o CMakeFiles/cmTC_09967.dir/CheckFunctionExists.c.o   -c /usr/share/cmake-3.10/Modules/CheckFunctionExists.c
Linking C executable cmTC_09967
/usr/bin/cmake -E cmake_link_script CMakeFiles/cmTC_09967.dir/link.txt --verbose=1
/usr/bin/cc  -DCHECK_FUNCTION_EXISTS=pthread_create    CMakeFiles/cmTC_09967.dir/CheckFunctionExists.c.o  -o cmTC_09967 -lpthreads 
/usr/bin/ld: cannot find -lpthreads
collect2: error: ld returned 1 exit status
CMakeFiles/cmTC_09967.dir/build.make:97: recipe for target 'cmTC_09967' failed
make[1]: *** [cmTC_09967] Error 1
make[1]: Leaving directory '/home/zhongchen/LIRS2/build/CMakeFiles/CMakeTmp'
Makefile:126: recipe for target 'cmTC_09967/fast' failed
make: *** [cmTC_09967/fast] Error 2


